(electron) Sending uncompressed crash reports is deprecated and will be removed in a future version of Electron. Set { compress: true } to opt-in to the new behavior. Crash reports will be uploaded gzipped, which most crash reporting servers support.
(node:44697) electron: The default of contextIsolation is deprecated and will be changing from false to true in a future release of Electron.  See https://github.com/electron/electron/issues/23506 for more information
Error occurred in handler for 'keychain:get-password': Error: No stored credentials fetched from keytar.
    at /usr/share/skypeforlinux/resources/app.asar/main.js:2:609689
    at async electron/js2c/browser_init.js:197:563
ioctl failed for wlan0, errno = 19 (No such device)
ioctl failed for wlp2s0, errno = 19 (No such device)
ioctl failed for wlp3s0, errno = 19 (No such device)
ioctl failed for wlp4s0, errno = 19 (No such device)
ioctl failed for wlan0, errno = 19 (No such device)
ioctl failed for wlp2s0, errno = 19 (No such device)
ioctl failed for wlp3s0, errno = 19 (No such device)
ioctl failed for wlp4s0, errno = 19 (No such device)
ioctl failed for wlan0, errno = 19 (No such device)
ioctl failed for wlp2s0, errno = 19 (No such device)
ioctl failed for wlp3s0, errno = 19 (No such device)
ioctl failed for wlp4s0, errno = 19 (No such device)
ioctl failed for wlan0, errno = 19 (No such device)
ioctl failed for wlp2s0, errno = 19 (No such device)
ioctl failed for wlp3s0, errno = 19 (No such device)
ioctl failed for wlp4s0, errno = 19 (No such device)
(node:44755) MaxListenersExceededWarning: Possible EventEmitter memory leak detected. 11 remote-videos-count-changed listeners added to [CallHandler]. Use emitter.setMaxListeners() to increase limit
ioctl failed for wlan0, errno = 19 (No such device)
ioctl failed for wlp2s0, errno = 19 (No such device)
ioctl failed for wlp3s0, errno = 19 (No such device)
ioctl failed for wlp4s0, errno = 19 (No such device)
(node:44697) electron: The default of contextIsolation is deprecated and will be changing from false to true in a future release of Electron.  See https://github.com/electron/electron/issues/23506 for more information
ioctl failed for wlan0, errno = 19 (No such device)
ioctl failed for wlp2s0, errno = 19 (No such device)
ioctl failed for wlp3s0, errno = 19 (No such device)
ioctl failed for wlp4s0, errno = 19 (No such device)
ioctl failed for wlan0, errno = 19 (No such device)
ioctl failed for wlp2s0, errno = 19 (No such device)
ioctl failed for wlp3s0, errno = 19 (No such device)
ioctl failed for wlp4s0, errno = 19 (No such device)
ioctl failed for wlan0, errno = 19 (No such device)
ioctl failed for wlp2s0, errno = 19 (No such device)
ioctl failed for wlp3s0, errno = 19 (No such device)
ioctl failed for wlp4s0, errno = 19 (No such device)
