Setting breakpad minidump AppID = 383870
Steam_SetMinidumpSteamID:  Caching Steam ID:  76561198246036816 [API loaded no]
dd1ab)
GfxDevice: creating device client; threaded=1
Renderer: GeForce RTX 2070 SUPER/PCIe/SSE2
Vendor:   NVIDIA Corporation
Version:  4.5.0 NVIDIA 460.56
GLES:     0
 GL_AMD_multi_draw_indirect GL_AMD_seamless_cubemap_per_texture GL_AMD_vertex_shader_viewport_index GL_AMD_vertex_shader_layer GL_ARB_arrays_of_arrays GL_ARB_base_instance GL_ARB_bindless_texture GL_ARB_blend_func_extended GL_ARB_buffer_storage GL_ARB_clear_buffer_object GL_ARB_clear_texture GL_ARB_clip_control GL_ARB_color_buffer_float GL_ARB_compressed_texture_pixel_storage GL_ARB_conservative_depth GL_ARB_compute_shader GL_ARB_compute_variable_group_size GL_ARB_conditional_render_inverted GL_ARB_copy_buffer GL_ARB_copy_image GL_ARB_cull_distance GL_ARB_debug_output GL_ARB_depth_buffer_float GL_ARB_depth_clamp GL_ARB_depth_texture GL_ARB_derivative_control GL_ARB_direct_state_access GL_ARB_draw_buffers GL_ARB_draw_buffers_blend GL_ARB_draw_indirect GL_ARB_draw_elements_base_vertex GL_ARB_draw_instanced GL_ARB_enhanced_layouts GL_ARB_ES2_compatibility GL_ARB_ES3_compatibility GL_ARB_ES3_1_compatibility GL_ARB_ES3_2_compatibility GL_ARB_explicit_attrib_location GL_ARB_explicit_uniform_location GL_ARB_fragmen
t_coord_conventions GL_ARB_fragment_layer_viewport GL_ARB_fragment_program GL_ARB_fragment_program_shadow GL_ARB_fragment_shader GL_ARB_fragment_shader_interlock GL_ARB_framebuffer_no_attachments GL_ARB_framebuffer_object GL_ARB_framebuffer_sRGB GL_ARB_geometry_shader4 GL_ARB_get_program_binary GL_ARB_get_texture_sub_image GL_ARB_gl_spirv GL_ARB_gpu_shader5 GL_ARB_gpu_shader_fp64 GL_ARB_gpu_shader_int64 GL_ARB_half_float_pixel GL_ARB_half_float_vertex GL_ARB_imaging GL_ARB_indirect_parameters GL_ARB_instanced_arrays GL_ARB_internalformat_query GL_ARB_internalformat_query2 GL_ARB_invalidate_subdata GL_ARB_map_buffer_alignment GL_ARB_map_buffer_range GL_ARB_multi_bind GL_ARB_multi_draw_indirect GL_ARB_multisample GL_ARB_multitexture GL_ARB_occlusion_query GL_ARB_occlusion_query2 GL_ARB_parallel_shader_compile GL_ARB_pipeline_statistics_query GL_ARB_pixel_buffer_object GL_ARB_point_parameters GL_ARB_point_sprite GL_ARB_polygon_offset_clamp GL_ARB_post_depth_coverage GL_ARB_program_interface_query GL_ARB_provoki
ng_vertex GL_ARB_query_buffer_object GL_ARB_robust_buffer_access_behavior GL_ARB_robustness GL_ARB_sample_locations GL_ARB_sample_shading GL_ARB_sampler_objects GL_ARB_seamless_cube_map GL_ARB_seamless_cubemap_per_texture GL_ARB_separate_shader_objects GL_ARB_shader_atomic_counter_ops GL_ARB_shader_atomic_counters GL_ARB_shader_ballot GL_ARB_shader_bit_encoding GL_ARB_shader_clock GL_ARB_shader_draw_parameters GL_ARB_shader_group_vote GL_ARB_shader_image_load_store GL_ARB_shader_image_size GL_ARB_shader_objects GL_ARB_shader_precision GL_ARB_shader_storage_buffer_object GL_ARB_shader_subroutine GL_ARB_shader_texture_image_samples GL_ARB_shader_texture_lod GL_ARB_shading_language_100 GL_ARB_shader_viewport_layer_array GL_ARB_shading_language_420pack GL_ARB_shading_language_include GL_ARB_shading_language_packing GL_ARB_shadow GL_ARB_sparse_buffer GL_ARB_sparse_texture GL_ARB_sparse_texture2 GL_ARB_sparse_texture_clamp GL_ARB_spirv_extensions GL_ARB_stencil_texturing GL_ARB_sync GL_ARB_tessellation_shader GL_A
RB_texture_barrier GL_ARB_texture_border_clamp GL_ARB_texture_buffer_object GL_ARB_texture_buffer_object_rgb32 GL_ARB_texture_buffer_range GL_ARB_texture_compression GL_ARB_texture_compression_bptc GL_ARB_texture_compression_rgtc GL_ARB_texture_cube_map GL_ARB_texture_cube_map_array GL_ARB_texture_env_add GL_ARB_texture_env_combine GL_ARB_texture_env_crossbar GL_ARB_texture_env_dot3 GL_ARB_texture_filter_anisotropic GL_ARB_texture_filter_minmax GL_ARB_texture_float GL_ARB_texture_gather GL_ARB_texture_mirror_clamp_to_edge GL_ARB_texture_mirrored_repeat GL_ARB_texture_multisample GL_ARB_texture_non_power_of_two GL_ARB_texture_query_levels GL_ARB_texture_query_lod GL_ARB_texture_rectangle GL_ARB_texture_rg GL_ARB_texture_rgb10_a2ui GL_ARB_texture_stencil8 GL_ARB_texture_storage GL_ARB_texture_storage_multisample GL_ARB_texture_swizzle GL_ARB_texture_view GL_ARB_timer_query GL_ARB_transform_feedback2 GL_ARB_transform_feedback3 GL_ARB_transform_feedback_instanced GL_ARB_transform_feedback_overflow_query GL_ARB_t
ranspose_matrix GL_ARB_uniform_buffer_object GL_ARB_vertex_array_bgra GL_ARB_vertex_array_object GL_ARB_vertex_attrib_64bit GL_ARB_vertex_attrib_binding GL_ARB_vertex_buffer_object GL_ARB_vertex_program GL_ARB_vertex_shader GL_ARB_vertex_type_10f_11f_11f_rev GL_ARB_vertex_type_2_10_10_10_rev GL_ARB_viewport_array GL_ARB_window_pos GL_ATI_draw_buffers GL_ATI_texture_float GL_ATI_texture_mirror_once GL_S3_s3tc GL_EXT_texture_env_add GL_EXT_abgr GL_EXT_bgra GL_EXT_bindable_uniform GL_EXT_blend_color GL_EXT_blend_equation_separate GL_EXT_blend_func_separate GL_EXT_blend_minmax GL_EXT_blend_subtract GL_EXT_compiled_vertex_array GL_EXT_Cg_shader GL_EXT_depth_bounds_test GL_EXT_direct_state_access GL_EXT_draw_buffers2 GL_EXT_draw_instanced GL_EXT_draw_range_elements GL_EXT_fog_coord GL_EXT_framebuffer_blit GL_EXT_framebuffer_multisample GL_EXTX_framebuffer_mixed_formats GL_EXT_framebuffer_multisample_blit_scaled GL_EXT_framebuffer_object GL_EXT_framebuffer_sRGB GL_EXT_geometry_shader4 GL_EXT_gpu_program_parameters 
GL_EXT_gpu_shader4 GL_EXT_multi_draw_arrays GL_EXT_multiview_texture_multisample GL_EXT_multiview_timer_query GL_EXT_packed_depth_stencil GL_EXT_packed_float GL_EXT_packed_pixels GL_EXT_pixel_buffer_object GL_EXT_point_parameters GL_EXT_polygon_offset_clamp GL_EXT_post_depth_coverage GL_EXT_provoking_vertex GL_EXT_raster_multisample GL_EXT_rescale_normal GL_EXT_secondary_color GL_EXT_separate_shader_objects GL_EXT_separate_specular_color GL_EXT_shader_image_load_formatted GL_EXT_shader_image_load_store GL_EXT_shader_integer_mix GL_EXT_shadow_funcs GL_EXT_sparse_texture2 GL_EXT_stencil_two_side GL_EXT_stencil_wrap GL_EXT_texture3D GL_EXT_texture_array GL_EXT_texture_buffer_object GL_EXT_texture_compression_dxt1 GL_EXT_texture_compression_latc GL_EXT_texture_compression_rgtc GL_EXT_texture_compression_s3tc GL_EXT_texture_cube_map GL_EXT_texture_edge_clamp GL_EXT_texture_env_combine GL_EXT_texture_env_dot3 GL_EXT_texture_filter_anisotropic GL_EXT_texture_filter_minmax GL_EXT_texture_integer GL_EXT_texture_lod G
L_EXT_texture_lod_bias GL_EXT_texture_mirror_clamp GL_EXT_texture_object GL_EXT_texture_shadow_lod GL_EXT_texture_shared_exponent GL_EXT_texture_sRGB GL_EXT_texture_sRGB_R8 GL_EXT_texture_sRGB_decode GL_EXT_texture_storage GL_EXT_texture_swizzle GL_EXT_timer_query GL_EXT_transform_feedback2 GL_EXT_vertex_array GL_EXT_vertex_array_bgra GL_EXT_vertex_attrib_64bit GL_EXT_window_rectangles GL_EXT_import_sync_object GL_NV_robustness_video_memory_purge GL_IBM_rasterpos_clip GL_IBM_texture_mirrored_repeat GL_KHR_context_flush_control GL_KHR_debug GL_EXT_memory_object GL_EXT_memory_object_fd GL_NV_memory_object_sparse GL_KHR_parallel_shader_compile GL_KHR_no_error GL_KHR_robust_buffer_access_behavior GL_KHR_robustness GL_EXT_semaphore GL_EXT_semaphore_fd GL_NV_timeline_semaphore GL_KHR_shader_subgroup GL_KTX_buffer_region GL_NV_alpha_to_coverage_dither_control GL_NV_bindless_multi_draw_indirect GL_NV_bindless_multi_draw_indirect_count GL_NV_bindless_texture GL_NV_blend_equation_advanced GL_NV_blend_equation_advanced
_coherent GL_NVX_blend_equation_advanced_multi_draw_buffers GL_NV_blend_minmax_factor GL_NV_blend_square GL_NV_clip_space_w_scaling GL_NV_command_list GL_NV_compute_program5 GL_NV_compute_shader_derivatives GL_NV_conditional_render GL_NV_conservative_raster GL_NV_conservative_raster_dilate GL_NV_conservative_raster_pre_snap GL_NV_conservative_raster_pre_snap_triangles GL_NV_conservative_raster_underestimation GL_NV_copy_depth_to_color GL_NV_copy_image GL_NV_depth_buffer_float GL_NV_depth_clamp GL_NV_draw_texture GL_NV_draw_vulkan_image GL_NV_ES1_1_compatibility GL_NV_ES3_1_compatibility GL_NV_explicit_multisample GL_NV_feature_query GL_NV_fence GL_NV_fill_rectangle GL_NV_float_buffer GL_NV_fog_distance GL_NV_fragment_coverage_to_color GL_NV_fragment_program GL_NV_fragment_program_option GL_NV_fragment_program2 GL_NV_fragment_shader_barycentric GL_NV_fragment_shader_interlock GL_NV_framebuffer_mixed_samples GL_NV_framebuffer_multisample_coverage GL_NV_geometry_shader4 GL_NV_geometry_shader_passthrough GL_NV_g
pu_program4 GL_NV_internalformat_sample_query GL_NV_gpu_program4_1 GL_NV_gpu_program5 GL_NV_gpu_program5_mem_extended GL_NV_gpu_program_fp64 GL_NV_gpu_shader5 GL_NV_half_float GL_NV_light_max_exponent GL_NV_memory_attachment GL_NV_mesh_shader GL_NV_multisample_coverage GL_NV_multisample_filter_hint GL_NV_occlusion_query GL_NV_packed_depth_stencil GL_NV_parameter_buffer_object GL_NV_parameter_buffer_object2 GL_NV_path_rendering GL_NV_path_rendering_shared_edge GL_NV_pixel_data_range GL_NV_point_sprite GL_NV_primitive_restart GL_NV_query_resource GL_NV_query_resource_tag GL_NV_register_combiners GL_NV_register_combiners2 GL_NV_representative_fragment_test GL_NV_sample_locations GL_NV_sample_mask_override_coverage GL_NV_scissor_exclusive GL_NV_shader_atomic_counters GL_NV_shader_atomic_float GL_NV_shader_atomic_float64 GL_NV_shader_atomic_fp16_vector GL_NV_shader_atomic_int64 GL_NV_shader_buffer_load GL_NV_shader_storage_buffer_object GL_NV_shader_subgroup_partitioned GL_NV_shader_texture_footprint GL_NV_shadin
g_rate_image GL_NV_stereo_view_rendering GL_NV_texgen_reflection GL_NV_texture_barrier GL_NV_texture_compression_vtc GL_NV_texture_env_combine4 GL_NV_texture_multisample GL_NV_texture_rectangle GL_NV_texture_rectangle_compressed GL_NV_texture_shader GL_NV_texture_shader2 GL_NV_texture_shader3 GL_NV_transform_feedback GL_NV_transform_feedback2 GL_NV_uniform_buffer_unified_memory GL_NV_vdpau_interop GL_NV_vdpau_interop2 GL_NV_vertex_array_range GL_NV_vertex_array_range2 GL_NV_vertex_attrib_integer_64bit GL_NV_vertex_buffer_unified_memory GL_NV_vertex_program GL_NV_vertex_program1_1 GL_NV_vertex_program2 GL_NV_vertex_program2_option GL_NV_vertex_program3 GL_NV_viewport_array2 GL_NV_viewport_swizzle GL_NVX_conditional_render GL_NV_gpu_multicast GL_NVX_progress_fence GL_NVX_gpu_memory_info GL_NVX_nvenc_interop GL_NV_shader_thread_group GL_NV_shader_thread_shuffle GL_KHR_blend_equation_advanced GL_KHR_blend_equation_advanced_coherent GL_OVR_multiview GL_OVR_multiview2 GL_SGIS_generate_mipmap GL_SGIS_texture_lod GL
_SGIX_depth_texture GL_SGIX_shadow GL_SUN_slice_accum
OPENGL LOG: Creating OpenGL 4.5 graphics device ; Context level  <OpenGL 4.5> ; Context handle 51009192
WARNING: Shader Unsupported: 'Marmoset/Transparent/Cutout/Diffuse IBL' - Pass 'FORWARD' has no vertex shader
WARNING: Shader Unsupported: 'Marmoset/Transparent/Cutout/Diffuse IBL' - Pass 'FORWARD' has no vertex shader
WARNING: Shader Unsupported: 'Marmoset/Transparent/Cutout/Diffuse IBL' - Pass 'PREPASS' has no vertex shader
WARNING: Shader Unsupported: 'Marmoset/Transparent/Cutout/Diffuse IBL' - Pass 'PREPASS' has no vertex shader
WARNING: Shader Unsupported: 'Marmoset/Transparent/Cutout/Diffuse IBL' - Pass 'DEFERRED' has no vertex shader
WARNING: Shader Unsupported: 'Marmoset/Transparent/Cutout/Diffuse IBL' - Pass 'META' has no vertex shader
WARNING: Shader Unsupported: 'Marmoset/Transparent/Cutout/Diffuse IBL' - All passes removed
WARNING: Shader Unsupported: 'Marmoset/Transparent/Cutout/Bumped Diffuse IBL' - Pass 'FORWARD' has no vertex shader
WARNING: Shader Unsupported: 'Marmoset/Transparent/Cutout/Bumped Diffuse IBL' - Pass 'FORWARD' has no vertex shader
WARNING: Shader Unsupported: 'Marmoset/Transparent/Cutout/Bumped Diffuse IBL' - Pass 'PREPASS' has no vertex shader
WARNING: Shader Unsupported: 'Marmoset/Transparent/Cutout/Bumped Diffuse IBL' - Pass 'PREPASS' has no vertex shader
WARNING: Shader Unsupported: 'Marmoset/Transparent/Cutout/Bumped Diffuse IBL' - Pass 'DEFERRED' has no vertex shader
WARNING: Shader Unsupported: 'Marmoset/Transparent/Cutout/Bumped Diffuse IBL' - Pass 'META' has no vertex shader
WARNING: Shader Unsupported: 'Marmoset/Transparent/Cutout/Bumped Diffuse IBL' - All passes removed
WARNING: Shader Unsupported: 'Marmoset/Transparent/Cutout/Bumped Diffuse IBL Trees' - Pass 'FORWARD' has no vertex shader
WARNING: Shader Unsupported: 'Marmoset/Transparent/Cutout/Bumped Diffuse IBL Trees' - Pass 'FORWARD' has no vertex shader
WARNING: Shader Unsupported: 'Marmoset/Transparent/Cutout/Bumped Diffuse IBL Trees' - Pass 'PREPASS' has no vertex shader
WARNING: Shader Unsupported: 'Marmoset/Transparent/Cutout/Bumped Diffuse IBL Trees' - Pass 'PREPASS' has no vertex shader
WARNING: Shader Unsupported: 'Marmoset/Transparent/Cutout/Bumped Diffuse IBL Trees' - Pass 'DEFERRED' has no vertex shader
WARNING: Shader Unsupported: 'Marmoset/Transparent/Cutout/Bumped Diffuse IBL Trees' - Pass 'META' has no vertex shader
WARNING: Shader Unsupported: 'Marmoset/Transparent/Cutout/Bumped Diffuse IBL Cross Cards' - Pass 'FORWARD' has no vertex shader
WARNING: Shader Unsupported: 'Marmoset/Transparent/Cutout/Bumped Diffuse IBL Cross Cards' - Pass 'FORWARD' has no vertex shader
WARNING: Shader Unsupported: 'Marmoset/Transparent/Cutout/Bumped Diffuse IBL Cross Cards' - Pass 'PREPASS' has no vertex shader
WARNING: Shader Unsupported: 'Marmoset/Transparent/Cutout/Bumped Diffuse IBL Cross Cards' - Pass 'PREPASS' has no vertex shader
WARNING: Shader Unsupported: 'Marmoset/Transparent/Cutout/Bumped Diffuse IBL Cross Cards' - Pass 'DEFERRED' has no vertex shader
WARNING: Shader Unsupported: 'Marmoset/Transparent/Cutout/Bumped Diffuse IBL Cross Cards' - Pass 'META' has no vertex shader
WARNING: Shader Unsupported: 'Marmoset/Transparent/Cutout/Bumped Diffuse IBL Cross Cards' - All passes removed
WARNING: Shader Unsupported: 'Marmoset/Transparent/Cutout/Bumped Diffuse IBL Double Faces' - Pass 'FORWARD' has no vertex shader
WARNING: Shader Unsupported: 'Marmoset/Transparent/Cutout/Bumped Diffuse IBL Double Faces' - Pass 'FORWARD' has no vertex shader
WARNING: Shader Unsupported: 'Marmoset/Transparent/Cutout/Bumped Diffuse IBL Double Faces' - Pass 'PREPASS' has no vertex shader
WARNING: Shader Unsupported: 'Marmoset/Transparent/Cutout/Bumped Diffuse IBL Double Faces' - Pass 'PREPASS' has no vertex shader
WARNING: Shader Unsupported: 'Marmoset/Transparent/Cutout/Bumped Diffuse IBL Double Faces' - Pass 'DEFERRED' has no vertex shader
WARNING: Shader Unsupported: 'Marmoset/Transparent/Cutout/Bumped Diffuse IBL Double Faces' - Pass 'META' has no vertex shader
WARNING: Shader Unsupported: 'Marmoset/Transparent/Cutout/Specular IBL' - Pass 'FORWARD' has no vertex shader
WARNING: Shader Unsupported: 'Marmoset/Transparent/Cutout/Specular IBL' - Pass 'FORWARD' has no vertex shader
WARNING: Shader Unsupported: 'Marmoset/Transparent/Cutout/Specular IBL' - Pass 'PREPASS' has no vertex shader
WARNING: Shader Unsupported: 'Marmoset/Transparent/Cutout/Specular IBL' - Pass 'PREPASS' has no vertex shader
WARNING: Shader Unsupported: 'Marmoset/Transparent/Cutout/Specular IBL' - Pass 'DEFERRED' has no vertex shader
WARNING: Shader Unsupported: 'Marmoset/Transparent/Cutout/Specular IBL' - Pass 'META' has no vertex shader
WARNING: Shader Unsupported: 'Marmoset/Transparent/Cutout/Specular IBL' - All passes removed
WARNING: Shader Unsupported: 'Marmoset/Transparent/Cutout/Bumped Specular IBL' - Pass 'FORWARD' has no vertex shader
WARNING: Shader Unsupported: 'Marmoset/Transparent/Cutout/Bumped Specular IBL' - Pass 'FORWARD' has no vertex shader
WARNING: Shader Unsupported: 'Marmoset/Transparent/Cutout/Bumped Specular IBL' - Pass 'PREPASS' has no vertex shader
WARNING: Shader Unsupported: 'Marmoset/Transparent/Cutout/Bumped Specular IBL' - Pass 'PREPASS' has no vertex shader
WARNING: Shader Unsupported: 'Marmoset/Transparent/Cutout/Bumped Specular IBL' - Pass 'DEFERRED' has no vertex shader
WARNING: Shader Unsupported: 'Marmoset/Transparent/Cutout/Bumped Specular IBL' - Pass 'META' has no vertex shader
WARNING: Shader Unsupported: 'Marmoset/Transparent/Cutout/Bumped Specular IBL' - All passes removed
Begin MonoManager ReloadAssembly
Platform assembly: /home/silvanr/.local/share/Steam/steamapps/common/Firewatch/fw_Data/Managed/UnityEngine.dll (this message is harmless)
Loading /home/silvanr/.local/share/Steam/steamapps/common/Firewatch/fw_Data/Managed/UnityEngine.dll into Unity Child Domain
Platform assembly: /home/silvanr/.local/share/Steam/steamapps/common/Firewatch/fw_Data/Managed/Assembly-CSharp-firstpass.dll (this message is harmless)
Loading /home/silvanr/.local/share/Steam/steamapps/common/Firewatch/fw_Data/Managed/Assembly-CSharp-firstpass.dll into Unity Child Domain
Platform assembly: /home/silvanr/.local/share/Steam/steamapps/common/Firewatch/fw_Data/Managed/Assembly-CSharp.dll (this message is harmless)
Loading /home/silvanr/.local/share/Steam/steamapps/common/Firewatch/fw_Data/Managed/Assembly-CSharp.dll into Unity Child Domain
Platform assembly: /home/silvanr/.local/share/Steam/steamapps/common/Firewatch/fw_Data/Managed/Assembly-UnityScript-firstpass.dll (this message is harmless)
Loading /home/silvanr/.local/share/Steam/steamapps/common/Firewatch/fw_Data/Managed/Assembly-UnityScript-firstpass.dll into Unity Child Domain
Platform assembly: /home/silvanr/.local/share/Steam/steamapps/common/Firewatch/fw_Data/Managed/Assembly-UnityScript.dll (this message is harmless)
Loading /home/silvanr/.local/share/Steam/steamapps/common/Firewatch/fw_Data/Managed/Assembly-UnityScript.dll into Unity Child Domain
Platform assembly: /home/silvanr/.local/share/Steam/steamapps/common/Firewatch/fw_Data/Managed/UnityEngine.UI.dll (this message is harmless)
Loading /home/silvanr/.local/share/Steam/steamapps/common/Firewatch/fw_Data/Managed/UnityEngine.UI.dll into Unity Child Domain
Platform assembly: /home/silvanr/.local/share/Steam/steamapps/common/Firewatch/fw_Data/Managed/UnityEngine.Networking.dll (this message is harmless)
Loading /home/silvanr/.local/share/Steam/steamapps/common/Firewatch/fw_Data/Managed/UnityEngine.Networking.dll into Unity Child Domain
Platform assembly: /home/silvanr/.local/share/Steam/steamapps/common/Firewatch/fw_Data/Managed/AmplifyBloom.dll (this message is harmless)
Loading /home/silvanr/.local/share/Steam/steamapps/common/Firewatch/fw_Data/Managed/AmplifyBloom.dll into Unity Child Domain
Platform assembly: /home/silvanr/.local/share/Steam/steamapps/common/Firewatch/fw_Data/Managed/AmplifyColor.dll (this message is harmless)
Loading /home/silvanr/.local/share/Steam/steamapps/common/Firewatch/fw_Data/Managed/AmplifyColor.dll into Unity Child Domain
Platform assembly: /home/silvanr/.local/share/Steam/steamapps/common/Firewatch/fw_Data/Managed/AmplifyMotion.dll (this message is harmless)
Loading /home/silvanr/.local/share/Steam/steamapps/common/Firewatch/fw_Data/Managed/AmplifyMotion.dll into Unity Child Domain
Platform assembly: /home/silvanr/.local/share/Steam/steamapps/common/Firewatch/fw_Data/Managed/AmplifyOcclusion.dll (this message is harmless)
Loading /home/silvanr/.local/share/Steam/steamapps/common/Firewatch/fw_Data/Managed/AmplifyOcclusion.dll into Unity Child Domain
Platform assembly: /home/silvanr/.local/share/Steam/steamapps/common/Firewatch/fw_Data/Managed/protobuf-net.dll (this message is harmless)
Loading /home/silvanr/.local/share/Steam/steamapps/common/Firewatch/fw_Data/Managed/protobuf-net.dll into Unity Child Domain
Platform assembly: /home/silvanr/.local/share/Steam/steamapps/common/Firewatch/fw_Data/Managed/SampleClassLibrary.dll (this message is harmless)
Loading /home/silvanr/.local/share/Steam/steamapps/common/Firewatch/fw_Data/Managed/SampleClassLibrary.dll into Unity Child Domain
Platform assembly: /home/silvanr/.local/share/Steam/steamapps/common/Firewatch/fw_Data/Managed/PlayMaker.dll (this message is harmless)
Loading /home/silvanr/.local/share/Steam/steamapps/common/Firewatch/fw_Data/Managed/PlayMaker.dll into Unity Child Domain
Platform assembly: /home/silvanr/.local/share/Steam/steamapps/common/Firewatch/fw_Data/Managed/SonyNP.dll (this message is harmless)
Loading /home/silvanr/.local/share/Steam/steamapps/common/Firewatch/fw_Data/Managed/SonyNP.dll into Unity Child Domain
Platform assembly: /home/silvanr/.local/share/Steam/steamapps/common/Firewatch/fw_Data/Managed/SonyPS4SavedGames.dll (this message is harmless)
Loading /home/silvanr/.local/share/Steam/steamapps/common/Firewatch/fw_Data/Managed/SonyPS4SavedGames.dll into Unity Child Domain
Platform assembly: /home/silvanr/.local/share/Steam/steamapps/common/Firewatch/fw_Data/Managed/sharedRuntime.dll (this message is harmless)
Loading /home/silvanr/.local/share/Steam/steamapps/common/Firewatch/fw_Data/Managed/sharedRuntime.dll into Unity Child Domain
Platform assembly: /home/silvanr/.local/share/Steam/steamapps/common/Firewatch/fw_Data/Managed/urecordRuntime.dll (this message is harmless)
Loading /home/silvanr/.local/share/Steam/steamapps/common/Firewatch/fw_Data/Managed/urecordRuntime.dll into Unity Child Domain
- Completed reload, in  1.177 seconds
Platform assembly: /home/silvanr/.local/share/Steam/steamapps/common/Firewatch/fw_Data/Managed/System.Core.dll (this message is harmless)
Platform assembly: /home/silvanr/.local/share/Steam/steamapps/common/Firewatch/fw_Data/Managed/System.dll (this message is harmless)
Platform assembly: /home/silvanr/.local/share/Steam/steamapps/common/Firewatch/fw_Data/Managed/UnityScript.Lang.dll (this message is harmless)
Platform assembly: /home/silvanr/.local/share/Steam/steamapps/common/Firewatch/fw_Data/Managed/Boo.Lang.dll (this message is harmless)
OnLevelWasLoaded was found on Sky
This message has been deprecated and will be removed in a later version of Unity.
Add a delegate to SceneManager.sceneLoaded instead to get notifications after scene loading has completed
 
(Filename:  Line: 376)

OnLevelWasLoaded was found on PlayMakerFSM
This message has been deprecated and will be removed in a later version of Unity.
Add a delegate to SceneManager.sceneLoaded instead to get notifications after scene loading has completed
 
(Filename:  Line: 376)

New context 0x3da74d8 created with attributes:
Default vsync count 1
requesting resize 1920 x 1080
Using native desktop resolution 1920 x 1080
requesting fullscreen 1920 x 1080 at 0 Hz
Desktop is 1920 x 1080 @ 60 Hz
UnloadTime: 0.915000 ms
Setting up 4 worker threads for Enlighten.
  Thread -> id: 7f925163e640 -> priority: 1 
  Thread -> id: 7f9250e3d640 -> priority: 1 
  Thread -> id: 7f9213fff640 -> priority: 1 
  Thread -> id: 7f92137fe640 -> priority: 1 
GfxDevice: creating device client; threaded=1
GfxDevice: creating device client; threaded=1
Platform assembly: /home/silvanr/.local/share/Steam/steamapps/common/Firewatch/fw_Data/Managed/System.Xml.dll (this message is harmless)
Unloading 5 Unused Serialized files (Serialized files now loaded: 0)
UnloadTime: 0.299000 ms

Unloading 8 unused Assets to reduce memory usage. Loaded Objects now: 3086.
Total: 2.181000 ms (FindLiveObjects: 0.198000 ms CreateObjectMapping: 0.111000 ms MarkObjects: 1.855000 ms  DeleteObjects: 0.016000 ms)

Unloading 1 Unused Serialized files (Serialized files now loaded: 0)

Unloading 0 unused Assets to reduce memory usage. Loaded Objects now: 3086.
Total: 3.106000 ms (FindLiveObjects: 0.378000 ms CreateObjectMapping: 0.221000 ms MarkObjects: 2.503000 ms  DeleteObjects: 0.003000 ms)

Unloading 3 Unused Serialized files (Serialized files now loaded: 0)
UnloadTime: 0.339000 ms

Unloading 1 unused Assets to reduce memory usage. Loaded Objects now: 3090.
Total: 1.625000 ms (FindLiveObjects: 0.100000 ms CreateObjectMapping: 0.062000 ms MarkObjects: 1.458000 ms  DeleteObjects: 0.005000 ms)

Unloading 5 Unused Serialized files (Serialized files now loaded: 0)
UnloadTime: 0.304000 ms
DontDestroyOnLoad only work for root GameObjects or components on root GameObjects.
 
(Filename:  Line: 481)

DontDestroyOnLoad only work for root GameObjects or components on root GameObjects.
 
(Filename:  Line: 481)

DontDestroyOnLoad only work for root GameObjects or components on root GameObjects.
 
(Filename:  Line: 481)


Unloading 10 unused Assets to reduce memory usage. Loaded Objects now: 6208.
Total: 3.843000 ms (FindLiveObjects: 0.311000 ms CreateObjectMapping: 0.127000 ms MarkObjects: 3.375000 ms  DeleteObjects: 0.030000 ms)

Unloading 1 Unused Serialized files (Serialized files now loaded: 0)

Unloading 0 unused Assets to reduce memory usage. Loaded Objects now: 6208.
Total: 3.563000 ms (FindLiveObjects: 0.268000 ms CreateObjectMapping: 0.102000 ms MarkObjects: 3.188000 ms  DeleteObjects: 0.005000 ms)

Welcome to Firewatch, version: v1.0.9
 
(Filename: /home/builduser/buildslave/unity/build/artifacts/generated/common/runtime/DebugBindings.gen.cpp Line: 51)

Unloading 1 Unused Serialized files (Serialized files now loaded: 0)
loading scene, updating vsync count to 2
 
(Filename: /home/builduser/buildslave/unity/build/artifacts/generated/common/runtime/DebugBindings.gen.cpp Line: 51)

GfxDevice: creating device client; threaded=1
GfxDevice: creating device client; threaded=1
GfxDevice: creating device client; threaded=1
requesting resize 1920 x 1080
Using native desktop resolution 1920 x 1080
requesting fullscreen 1920 x 1080 at 60 Hz
Desktop is 1920 x 1080 @ 60 Hz

Unloading 33 unused Assets to reduce memory usage. Loaded Objects now: 6329.
Total: 4.690000 ms (FindLiveObjects: 0.314000 ms CreateObjectMapping: 0.074000 ms MarkObjects: 4.071000 ms  DeleteObjects: 0.231000 ms)

GfxDevice: creating device client; threaded=1
requesting resize 1920 x 1080
Using native desktop resolution 1920 x 1080
requesting fullscreen 1920 x 1080 at 0 Hz
Desktop is 1920 x 1080 @ 60 Hz
GfxDevice: creating device client; threaded=1
GfxDevice: creating device client; threaded=1
requesting resize 1920 x 1080
Using native desktop resolution 1920 x 1080
requesting fullscreen 1920 x 1080 at 60 Hz
Desktop is 1920 x 1080 @ 60 Hz
Refresh Localized UI Text, baseString: LOADING
 
(Filename: /home/builduser/buildslave/unity/build/artifacts/generated/common/runtime/DebugBindings.gen.cpp Line: 51)

currentText='LOADING'
 
(Filename: /home/builduser/buildslave/unity/build/artifacts/generated/common/runtime/DebugBindings.gen.cpp Line: 51)

AFTER LOCALIZE --- currentText='LOADING'
 
(Filename: /home/builduser/buildslave/unity/build/artifacts/generated/common/runtime/DebugBindings.gen.cpp Line: 51)

Unloading 1 Unused Serialized files (Serialized files now loaded: 0)
loading scene, updating vsync count to 2
 
(Filename: /home/builduser/buildslave/unity/build/artifacts/generated/common/runtime/DebugBindings.gen.cpp Line: 51)

requesting resize 1920 x 1080
Using native desktop resolution 1920 x 1080
requesting fullscreen 1920 x 1080 at 60 Hz
Desktop is 1920 x 1080 @ 60 Hz

Unloading 290 unused Assets to reduce memory usage. Loaded Objects now: 4743.
Total: 3.559000 ms (FindLiveObjects: 0.251000 ms CreateObjectMapping: 0.118000 ms MarkObjects: 2.224000 ms  DeleteObjects: 0.966000 ms)

Unloading 0 Unused Serialized files (Serialized files now loaded: 0)

Unloading 0 unused Assets to reduce memory usage. Loaded Objects now: 4743.
Total: 2.861000 ms (FindLiveObjects: 0.326000 ms CreateObjectMapping: 0.075000 ms MarkObjects: 2.456000 ms  DeleteObjects: 0.004000 ms)

Unloading 6 Unused Serialized files (Serialized files now loaded: 0)
UnloadTime: 0.998000 ms
DontDestroyOnLoad only work for root GameObjects or components on root GameObjects.
 
(Filename:  Line: 481)

DontDestroyOnLoad only work for root GameObjects or components on root GameObjects.
 
(Filename:  Line: 481)

DontDestroyOnLoad only work for root GameObjects or components on root GameObjects.
 
(Filename:  Line: 481)

DontDestroyOnLoad only work for root GameObjects or components on root GameObjects.
 
(Filename:  Line: 481)

DontDestroyOnLoad only work for root GameObjects or components on root GameObjects.
 
(Filename:  Line: 481)

DontDestroyOnLoad only work for root GameObjects or components on root GameObjects.
 
(Filename:  Line: 481)

DontDestroyOnLoad only work for root GameObjects or components on root GameObjects.
 
(Filename:  Line: 481)

DontDestroyOnLoad only work for root GameObjects or components on root GameObjects.
 
(Filename:  Line: 481)

DontDestroyOnLoad only work for root GameObjects or components on root GameObjects.
 
(Filename:  Line: 481)

DontDestroyOnLoad only work for root GameObjects or components on root GameObjects.
 
(Filename:  Line: 481)

DontDestroyOnLoad only work for root GameObjects or components on root GameObjects.
 
(Filename:  Line: 481)

DontDestroyOnLoad only work for root GameObjects or components on root GameObjects.
 
(Filename:  Line: 481)

DontDestroyOnLoad only work for root GameObjects or components on root GameObjects.
 
(Filename:  Line: 481)

DontDestroyOnLoad only work for root GameObjects or components on root GameObjects.
 
(Filename:  Line: 481)

DontDestroyOnLoad only work for root GameObjects or components on root GameObjects.
 
(Filename:  Line: 481)

DontDestroyOnLoad only work for root GameObjects or components on root GameObjects.
 
(Filename:  Line: 481)

DontDestroyOnLoad only work for root GameObjects or components on root GameObjects.
 
(Filename:  Line: 481)

DontDestroyOnLoad only work for root GameObjects or components on root GameObjects.
 
(Filename:  Line: 481)

DontDestroyOnLoad only work for root GameObjects or components on root GameObjects.
 
(Filename:  Line: 481)

loading scene, updating vsync count to 2
 
(Filename: /home/builduser/buildslave/unity/build/artifacts/generated/common/runtime/DebugBindings.gen.cpp Line: 51)

requesting resize 1920 x 1080
Using native desktop resolution 1920 x 1080
requesting fullscreen 1920 x 1080 at 60 Hz
Desktop is 1920 x 1080 @ 60 Hz

Unloading 161 unused Assets to reduce memory usage. Loaded Objects now: 9722.
Total: 8.113000 ms (FindLiveObjects: 0.546000 ms CreateObjectMapping: 0.193000 ms MarkObjects: 6.991000 ms  DeleteObjects: 0.383000 ms)

Unloading 1 Unused Serialized files (Serialized files now loaded: 0)

Unloading 0 unused Assets to reduce memory usage. Loaded Objects now: 9722.
Total: 7.704000 ms (FindLiveObjects: 0.498000 ms CreateObjectMapping: 0.111000 ms MarkObjects: 7.059000 ms  DeleteObjects: 0.036000 ms)

Unloading 6 Unused Serialized files (Serialized files now loaded: 0)
DontDestroyOnLoad only work for root GameObjects or components on root GameObjects.
 
(Filename:  Line: 481)


Unloading 3 unused Assets to reduce memory usage. Loaded Objects now: 13049.
Total: 11.861000 ms (FindLiveObjects: 0.855000 ms CreateObjectMapping: 0.319000 ms MarkObjects: 10.657001 ms  DeleteObjects: 0.030000 ms)

Unloading 1 Unused Serialized files (Serialized files now loaded: 0)

Unloading 0 unused Assets to reduce memory usage. Loaded Objects now: 13049.
Total: 10.897000 ms (FindLiveObjects: 0.734000 ms CreateObjectMapping: 0.254000 ms MarkObjects: 9.889000 ms  DeleteObjects: 0.020000 ms)

requesting resize 1920 x 1080
Using native desktop resolution 1920 x 1080
requesting fullscreen 1920 x 1080 at 0 Hz
Desktop is 1920 x 1080 @ 60 Hz
GfxDevice: creating device client; threaded=1
GfxDevice: creating device client; threaded=1
GfxDevice: creating device client; threaded=1
GfxDevice: creating device client; threaded=1
GfxDevice: creating device client; threaded=1
GfxDevice: creating device client; threaded=1
GfxDevice: creating device client; threaded=1
GfxDevice: creating device client; threaded=1
GfxDevice: creating device client; threaded=1
GfxDevice: creating device client; threaded=1
GfxDevice: creating device client; threaded=1
GfxDevice: creating device client; threaded=1
GfxDevice: creating device client; threaded=1
GfxDevice: creating device client; threaded=1
GfxDevice: creating device client; threaded=1
GfxDevice: creating device client; threaded=1
GfxDevice: creating device client; threaded=1
GfxDevice: creating device client; threaded=1
GfxDevice: creating device client; threaded=1
GfxDevice: creating device client; threaded=1
GfxDevice: creating device client; threaded=1
GfxDevice: creating device client; threaded=1
GfxDevice: creating device client; threaded=1
GfxDevice: creating device client; threaded=1
GfxDevice: creating device client; threaded=1
GfxDevice: creating device client; threaded=1
GfxDevice: creating device client; threaded=1
requesting resize 1920 x 1080
Using native desktop resolution 1920 x 1080
requesting fullscreen 1920 x 1080 at 60 Hz
Desktop is 1920 x 1080 @ 60 Hz
GfxDevice: creating device client; threaded=1
GfxDevice: creating device client; threaded=1
GfxDevice: creating device client; threaded=1
GfxDevice: creating device client; threaded=1
GfxDevice: creating device client; threaded=1
GfxDevice: creating device client; threaded=1
GfxDevice: creating device client; threaded=1
Unloading 36 Unused Serialized files (Serialized files now loaded: 0)

Unloading 440 unused Assets to reduce memory usage. Loaded Objects now: 131554.
Total: 62.601002 ms (FindLiveObjects: 7.778000 ms CreateObjectMapping: 0.963000 ms MarkObjects: 52.030003 ms  DeleteObjects: 1.829000 ms)

Unloading 19 Unused Serialized files (Serialized files now loaded: 0)

Unloading 367 unused Assets to reduce memory usage. Loaded Objects now: 97104.
Total: 50.993000 ms (FindLiveObjects: 6.457000 ms CreateObjectMapping: 0.678000 ms MarkObjects: 42.306000 ms  DeleteObjects: 1.552000 ms)

Unloading 24 Unused Serialized files (Serialized files now loaded: 0)
loading scene, updating vsync count to 2
 
(Filename: /home/builduser/buildslave/unity/build/artifacts/generated/common/runtime/DebugBindings.gen.cpp Line: 51)

requesting resize 1920 x 1080
Using native desktop resolution 1920 x 1080
requesting fullscreen 1920 x 1080 at 60 Hz
Desktop is 1920 x 1080 @ 60 Hz

Unloading 2412 unused Assets to reduce memory usage. Loaded Objects now: 13706.
Total: 35.156002 ms (FindLiveObjects: 0.955000 ms CreateObjectMapping: 0.314000 ms MarkObjects: 17.838999 ms  DeleteObjects: 16.047001 ms)

Unloading 0 Unused Serialized files (Serialized files now loaded: 0)

Unloading 0 unused Assets to reduce memory usage. Loaded Objects now: 13706.
Total: 18.702000 ms (FindLiveObjects: 0.771000 ms CreateObjectMapping: 0.179000 ms MarkObjects: 17.733000 ms  DeleteObjects: 0.019000 ms)

Unloading 0 Unused Serialized files (Serialized files now loaded: 0)

Unloading 0 unused Assets to reduce memory usage. Loaded Objects now: 13706.
Total: 18.401001 ms (FindLiveObjects: 0.756000 ms CreateObjectMapping: 0.160000 ms MarkObjects: 17.457001 ms  DeleteObjects: 0.028000 ms)

Unloading 0 Unused Serialized files (Serialized files now loaded: 0)

Unloading 0 unused Assets to reduce memory usage. Loaded Objects now: 13706.
Total: 18.760000 ms (FindLiveObjects: 0.783000 ms CreateObjectMapping: 0.164000 ms MarkObjects: 17.785999 ms  DeleteObjects: 0.027000 ms)

DontDestroyOnLoad only work for root GameObjects or components on root GameObjects.
 
(Filename:  Line: 481)

requesting resize 1920 x 1080
Using native desktop resolution 1920 x 1080
requesting fullscreen 1920 x 1080 at 60 Hz
Desktop is 1920 x 1080 @ 60 Hz
GfxDevice: creating device client; threaded=1
Unloading 36 Unused Serialized files (Serialized files now loaded: 0)

Unloading 391 unused Assets to reduce memory usage. Loaded Objects now: 111233.
Total: 58.102001 ms (FindLiveObjects: 6.907000 ms CreateObjectMapping: 1.018000 ms MarkObjects: 48.808002 ms  DeleteObjects: 1.369000 ms)

Unloading 14 Unused Serialized files (Serialized files now loaded: 0)

Unloading 128 unused Assets to reduce memory usage. Loaded Objects now: 131333.
Total: 62.321999 ms (FindLiveObjects: 8.267000 ms CreateObjectMapping: 0.926000 ms MarkObjects: 52.492001 ms  DeleteObjects: 0.637000 ms)

Unloading 19 Unused Serialized files (Serialized files now loaded: 0)

Unloading 325 unused Assets to reduce memory usage. Loaded Objects now: 97403.
Total: 52.618999 ms (FindLiveObjects: 6.715000 ms CreateObjectMapping: 0.686000 ms MarkObjects: 43.816998 ms  DeleteObjects: 1.401000 ms)

SlideToRestPosition()
 
(Filename: /home/builduser/buildslave/unity/build/artifacts/generated/common/runtime/DebugBindings.gen.cpp Line: 51)

SlideToRestPosition()
 
(Filename: /home/builduser/buildslave/unity/build/artifacts/generated/common/runtime/DebugBindings.gen.cpp Line: 51)

GoToSleep()
 
(Filename: /home/builduser/buildslave/unity/build/artifacts/generated/common/runtime/DebugBindings.gen.cpp Line: 51)

GoToSleep()
 
(Filename: /home/builduser/buildslave/unity/build/artifacts/generated/common/runtime/DebugBindings.gen.cpp Line: 51)

Unloading 24 Unused Serialized files (Serialized files now loaded: 0)

Unloading 724 unused Assets to reduce memory usage. Loaded Objects now: 47056.
Total: 61.681000 ms (FindLiveObjects: 3.408000 ms CreateObjectMapping: 0.545000 ms MarkObjects: 54.862000 ms  DeleteObjects: 2.866000 ms)

GfxDevice: creating device client; threaded=1
Unloading 24 Unused Serialized files (Serialized files now loaded: 0)

Unloading 469 unused Assets to reduce memory usage. Loaded Objects now: 70229.
Total: 50.108997 ms (FindLiveObjects: 4.193000 ms CreateObjectMapping: 0.891000 ms MarkObjects: 42.737000 ms  DeleteObjects: 2.288000 ms)

SlideToRestPosition()
 
(Filename: /home/builduser/buildslave/unity/build/artifacts/generated/common/runtime/DebugBindings.gen.cpp Line: 51)

GfxDevice: creating device client; threaded=1
GfxDevice: creating device client; threaded=1
GfxDevice: creating device client; threaded=1
GoToSleep()
 
(Filename: /home/builduser/buildslave/unity/build/artifacts/generated/common/runtime/DebugBindings.gen.cpp Line: 51)

OnPlayerStartedUsingRope()
 
(Filename: /home/builduser/buildslave/unity/build/artifacts/generated/common/runtime/DebugBindings.gen.cpp Line: 51)

OnPlayerStoppedUsingRope()
 
(Filename: /home/builduser/buildslave/unity/build/artifacts/generated/common/runtime/DebugBindings.gen.cpp Line: 51)

SlideToRestPosition()
 
(Filename: /home/builduser/buildslave/unity/build/artifacts/generated/common/runtime/DebugBindings.gen.cpp Line: 51)

GoToSleep()
 
(Filename: /home/builduser/buildslave/unity/build/artifacts/generated/common/runtime/DebugBindings.gen.cpp Line: 51)

SlideToRestPosition()
 
(Filename: /home/builduser/buildslave/unity/build/artifacts/generated/common/runtime/DebugBindings.gen.cpp Line: 51)

SlideToRestPosition()
 
(Filename: /home/builduser/buildslave/unity/build/artifacts/generated/common/runtime/DebugBindings.gen.cpp Line: 51)

GoToSleep()
 
(Filename: /home/builduser/buildslave/unity/build/artifacts/generated/common/runtime/DebugBindings.gen.cpp Line: 51)

GoToSleep()
 
(Filename: /home/builduser/buildslave/unity/build/artifacts/generated/common/runtime/DebugBindings.gen.cpp Line: 51)

Unloading 15 Unused Serialized files (Serialized files now loaded: 0)

Unloading 399 unused Assets to reduce memory usage. Loaded Objects now: 62959.
Total: 55.335999 ms (FindLiveObjects: 4.396000 ms CreateObjectMapping: 1.461000 ms MarkObjects: 47.625000 ms  DeleteObjects: 1.854000 ms)

SlideToRestPosition()
 
(Filename: /home/builduser/buildslave/unity/build/artifacts/generated/common/runtime/DebugBindings.gen.cpp Line: 51)

GoToSleep()
 
(Filename: /home/builduser/buildslave/unity/build/artifacts/generated/common/runtime/DebugBindings.gen.cpp Line: 51)

OnPlayerStartedUsingRope()
 
(Filename: /home/builduser/buildslave/unity/build/artifacts/generated/common/runtime/DebugBindings.gen.cpp Line: 51)

OnPlayerStoppedUsingRope()
 
(Filename: /home/builduser/buildslave/unity/build/artifacts/generated/common/runtime/DebugBindings.gen.cpp Line: 51)

SlideToRestPosition()
 
(Filename: /home/builduser/buildslave/unity/build/artifacts/generated/common/runtime/DebugBindings.gen.cpp Line: 51)

GoToSleep()
 
(Filename: /home/builduser/buildslave/unity/build/artifacts/generated/common/runtime/DebugBindings.gen.cpp Line: 51)

Unloading 22 Unused Serialized files (Serialized files now loaded: 0)

Unloading 1070 unused Assets to reduce memory usage. Loaded Objects now: 37590.
Total: 44.727001 ms (FindLiveObjects: 2.233000 ms CreateObjectMapping: 0.941000 ms MarkObjects: 35.780998 ms  DeleteObjects: 5.771000 ms)

SlideToRestPosition()
 
(Filename: /home/builduser/buildslave/unity/build/artifacts/generated/common/runtime/DebugBindings.gen.cpp Line: 51)

SlideToRestPosition()
 
(Filename: /home/builduser/buildslave/unity/build/artifacts/generated/common/runtime/DebugBindings.gen.cpp Line: 51)

GoToSleep()
 
(Filename: /home/builduser/buildslave/unity/build/artifacts/generated/common/runtime/DebugBindings.gen.cpp Line: 51)

GoToSleep()
 
(Filename: /home/builduser/buildslave/unity/build/artifacts/generated/common/runtime/DebugBindings.gen.cpp Line: 51)

Unloading 16 Unused Serialized files (Serialized files now loaded: 0)
loading scene, updating vsync count to 2
 
(Filename: /home/builduser/buildslave/unity/build/artifacts/generated/common/runtime/DebugBindings.gen.cpp Line: 51)

requesting resize 1920 x 1080
Using native desktop resolution 1920 x 1080
requesting fullscreen 1920 x 1080 at 60 Hz
Desktop is 1920 x 1080 @ 60 Hz

Unloading 2646 unused Assets to reduce memory usage. Loaded Objects now: 15312.
Total: 41.618999 ms (FindLiveObjects: 1.189000 ms CreateObjectMapping: 0.288000 ms MarkObjects: 22.716002 ms  DeleteObjects: 17.425001 ms)

Unloading 0 Unused Serialized files (Serialized files now loaded: 0)

Unloading 0 unused Assets to reduce memory usage. Loaded Objects now: 15312.
Total: 23.392000 ms (FindLiveObjects: 0.948000 ms CreateObjectMapping: 0.178000 ms MarkObjects: 22.230999 ms  DeleteObjects: 0.035000 ms)

Unloading 0 Unused Serialized files (Serialized files now loaded: 0)

Unloading 0 unused Assets to reduce memory usage. Loaded Objects now: 15312.
Total: 23.344000 ms (FindLiveObjects: 0.983000 ms CreateObjectMapping: 0.194000 ms MarkObjects: 22.146000 ms  DeleteObjects: 0.021000 ms)

Unloading 0 Unused Serialized files (Serialized files now loaded: 0)

Unloading 0 unused Assets to reduce memory usage. Loaded Objects now: 15312.
Total: 23.134001 ms (FindLiveObjects: 0.899000 ms CreateObjectMapping: 0.168000 ms MarkObjects: 22.028000 ms  DeleteObjects: 0.039000 ms)

Unloading 0 Unused Serialized files (Serialized files now loaded: 0)

Unloading 0 unused Assets to reduce memory usage. Loaded Objects now: 15312.
Total: 23.105999 ms (FindLiveObjects: 0.903000 ms CreateObjectMapping: 0.172000 ms MarkObjects: 22.007999 ms  DeleteObjects: 0.023000 ms)

DontDestroyOnLoad only work for root GameObjects or components on root GameObjects.
 
(Filename:  Line: 481)

requesting resize 1920 x 1080
Using native desktop resolution 1920 x 1080
requesting fullscreen 1920 x 1080 at 60 Hz
Desktop is 1920 x 1080 @ 60 Hz
Unloading 35 Unused Serialized files (Serialized files now loaded: 0)

Unloading 546 unused Assets to reduce memory usage. Loaded Objects now: 113465.
Total: 67.674004 ms (FindLiveObjects: 12.869000 ms CreateObjectMapping: 1.173000 ms MarkObjects: 51.096996 ms  DeleteObjects: 2.535000 ms)

SlideToRestPosition()
 
(Filename: /home/builduser/buildslave/unity/build/artifacts/generated/common/runtime/DebugBindings.gen.cpp Line: 51)

SlideToRestPosition()
 
(Filename: /home/builduser/buildslave/unity/build/artifacts/generated/common/runtime/DebugBindings.gen.cpp Line: 51)

SlideToRestPosition()
 
(Filename: /home/builduser/buildslave/unity/build/artifacts/generated/common/runtime/DebugBindings.gen.cpp Line: 51)

GoToSleep()
 
(Filename: /home/builduser/buildslave/unity/build/artifacts/generated/common/runtime/DebugBindings.gen.cpp Line: 51)

GoToSleep()
 
(Filename: /home/builduser/buildslave/unity/build/artifacts/generated/common/runtime/DebugBindings.gen.cpp Line: 51)

OnPlayerStartedUsingRope()
 
(Filename: /home/builduser/buildslave/unity/build/artifacts/generated/common/runtime/DebugBindings.gen.cpp Line: 51)

OnPlayerStoppedUsingRope()
 
(Filename: /home/builduser/buildslave/unity/build/artifacts/generated/common/runtime/DebugBindings.gen.cpp Line: 51)

SlideToRestPosition()
 
(Filename: /home/builduser/buildslave/unity/build/artifacts/generated/common/runtime/DebugBindings.gen.cpp Line: 51)

GoToSleep()
 
(Filename: /home/builduser/buildslave/unity/build/artifacts/generated/common/runtime/DebugBindings.gen.cpp Line: 51)

SlideToRestPosition()
 
(Filename: /home/builduser/buildslave/unity/build/artifacts/generated/common/runtime/DebugBindings.gen.cpp Line: 51)

GoToSleep()
 
(Filename: /home/builduser/buildslave/unity/build/artifacts/generated/common/runtime/DebugBindings.gen.cpp Line: 51)

GoToSleep()
 
(Filename: /home/builduser/buildslave/unity/build/artifacts/generated/common/runtime/DebugBindings.gen.cpp Line: 51)

OnPlayerStartedUsingRope()
 
(Filename: /home/builduser/buildslave/unity/build/artifacts/generated/common/runtime/DebugBindings.gen.cpp Line: 51)

OnPlayerStoppedUsingRope()
 
(Filename: /home/builduser/buildslave/unity/build/artifacts/generated/common/runtime/DebugBindings.gen.cpp Line: 51)

SlideToRestPosition()
 
(Filename: /home/builduser/buildslave/unity/build/artifacts/generated/common/runtime/DebugBindings.gen.cpp Line: 51)

GoToSleep()
 
(Filename: /home/builduser/buildslave/unity/build/artifacts/generated/common/runtime/DebugBindings.gen.cpp Line: 51)

OnPlayerStartedUsingRope()
 
(Filename: /home/builduser/buildslave/unity/build/artifacts/generated/common/runtime/DebugBindings.gen.cpp Line: 51)

OnPlayerStoppedUsingRope()
 
(Filename: /home/builduser/buildslave/unity/build/artifacts/generated/common/runtime/DebugBindings.gen.cpp Line: 51)

SlideToRestPosition()
 
(Filename: /home/builduser/buildslave/unity/build/artifacts/generated/common/runtime/DebugBindings.gen.cpp Line: 51)

GoToSleep()
 
(Filename: /home/builduser/buildslave/unity/build/artifacts/generated/common/runtime/DebugBindings.gen.cpp Line: 51)

Unloading 29 Unused Serialized files (Serialized files now loaded: 0)

Unloading 744 unused Assets to reduce memory usage. Loaded Objects now: 89884.
Total: 73.340996 ms (FindLiveObjects: 6.508000 ms CreateObjectMapping: 0.945000 ms MarkObjects: 62.508003 ms  DeleteObjects: 3.380000 ms)

SlideToRestPosition()
 
(Filename: /home/builduser/buildslave/unity/build/artifacts/generated/common/runtime/DebugBindings.gen.cpp Line: 51)

SlideToRestPosition()
 
(Filename: /home/builduser/buildslave/unity/build/artifacts/generated/common/runtime/DebugBindings.gen.cpp Line: 51)

GoToSleep()
 
(Filename: /home/builduser/buildslave/unity/build/artifacts/generated/common/runtime/DebugBindings.gen.cpp Line: 51)

GoToSleep()
 
(Filename: /home/builduser/buildslave/unity/build/artifacts/generated/common/runtime/DebugBindings.gen.cpp Line: 51)

OnPlayerStartedUsingRope()
 
(Filename: /home/builduser/buildslave/unity/build/artifacts/generated/common/runtime/DebugBindings.gen.cpp Line: 51)

OnPlayerStoppedUsingRope()
 
(Filename: /home/builduser/buildslave/unity/build/artifacts/generated/common/runtime/DebugBindings.gen.cpp Line: 51)

SlideToRestPosition()
 
(Filename: /home/builduser/buildslave/unity/build/artifacts/generated/common/runtime/DebugBindings.gen.cpp Line: 51)

GoToSleep()
 
(Filename: /home/builduser/buildslave/unity/build/artifacts/generated/common/runtime/DebugBindings.gen.cpp Line: 51)

Unloading 14 Unused Serialized files (Serialized files now loaded: 0)

Unloading 444 unused Assets to reduce memory usage. Loaded Objects now: 51790.
Total: 51.426998 ms (FindLiveObjects: 3.408000 ms CreateObjectMapping: 0.667000 ms MarkObjects: 45.154999 ms  DeleteObjects: 2.197000 ms)

OnPlayerStartedUsingRope()
 
(Filename: /home/builduser/buildslave/unity/build/artifacts/generated/common/runtime/DebugBindings.gen.cpp Line: 51)

The referenced script on this Behaviour (Game Object 'FencePiece') is missing!
 
(Filename:  Line: 1744)

The referenced script on this Behaviour (Game Object 'FencePiece') is missing!
 
(Filename:  Line: 1744)

The referenced script on this Behaviour (Game Object 'FencePiece') is missing!
 
(Filename:  Line: 1744)

SlideToRestPosition()
 
(Filename: /home/builduser/buildslave/unity/build/artifacts/generated/common/runtime/DebugBindings.gen.cpp Line: 51)

SlideToRestPosition()
 
(Filename: /home/builduser/buildslave/unity/build/artifacts/generated/common/runtime/DebugBindings.gen.cpp Line: 51)

GoToSleep()
 
(Filename: /home/builduser/buildslave/unity/build/artifacts/generated/common/runtime/DebugBindings.gen.cpp Line: 51)

GoToSleep()
 
(Filename: /home/builduser/buildslave/unity/build/artifacts/generated/common/runtime/DebugBindings.gen.cpp Line: 51)

OnPlayerStoppedUsingRope()
 
(Filename: /home/builduser/buildslave/unity/build/artifacts/generated/common/runtime/DebugBindings.gen.cpp Line: 51)

SlideToRestPosition()
 
(Filename: /home/builduser/buildslave/unity/build/artifacts/generated/common/runtime/DebugBindings.gen.cpp Line: 51)

GoToSleep()
 
(Filename: /home/builduser/buildslave/unity/build/artifacts/generated/common/runtime/DebugBindings.gen.cpp Line: 51)

Unloading 25 Unused Serialized files (Serialized files now loaded: 0)

Unloading 456 unused Assets to reduce memory usage. Loaded Objects now: 90049.
Total: 64.815994 ms (FindLiveObjects: 5.443000 ms CreateObjectMapping: 0.691000 ms MarkObjects: 55.806999 ms  DeleteObjects: 2.875000 ms)

OnPlayerStartedUsingRope()
 
(Filename: /home/builduser/buildslave/unity/build/artifacts/generated/common/runtime/DebugBindings.gen.cpp Line: 51)

OnPlayerStoppedUsingRope()
 
(Filename: /home/builduser/buildslave/unity/build/artifacts/generated/common/runtime/DebugBindings.gen.cpp Line: 51)

SlideToRestPosition()
 
(Filename: /home/builduser/buildslave/unity/build/artifacts/generated/common/runtime/DebugBindings.gen.cpp Line: 51)

GoToSleep()
 
(Filename: /home/builduser/buildslave/unity/build/artifacts/generated/common/runtime/DebugBindings.gen.cpp Line: 51)

OnPlayerStartedUsingRope()
 
(Filename: /home/builduser/buildslave/unity/build/artifacts/generated/common/runtime/DebugBindings.gen.cpp Line: 51)

OnPlayerStoppedUsingRope()
 
(Filename: /home/builduser/buildslave/unity/build/artifacts/generated/common/runtime/DebugBindings.gen.cpp Line: 51)

SlideToRestPosition()
 
(Filename: /home/builduser/buildslave/unity/build/artifacts/generated/common/runtime/DebugBindings.gen.cpp Line: 51)

GoToSleep()
 
(Filename: /home/builduser/buildslave/unity/build/artifacts/generated/common/runtime/DebugBindings.gen.cpp Line: 51)

loading scene, updating vsync count to 2
 
(Filename: /home/builduser/buildslave/unity/build/artifacts/generated/common/runtime/DebugBindings.gen.cpp Line: 51)

requesting resize 1920 x 1080
Using native desktop resolution 1920 x 1080
requesting fullscreen 1920 x 1080 at 60 Hz
Desktop is 1920 x 1080 @ 60 Hz
Unloading 14 Unused Serialized files (Serialized files now loaded: 0)
loading scene, updating vsync count to 2
 
(Filename: /home/builduser/buildslave/unity/build/artifacts/generated/common/runtime/DebugBindings.gen.cpp Line: 51)

requesting resize 1920 x 1080
Using native desktop resolution 1920 x 1080
requesting fullscreen 1920 x 1080 at 60 Hz
Desktop is 1920 x 1080 @ 60 Hz

Unloading 2124 unused Assets to reduce memory usage. Loaded Objects now: 18047.
Total: 52.688999 ms (FindLiveObjects: 1.496000 ms CreateObjectMapping: 0.458000 ms MarkObjects: 32.946003 ms  DeleteObjects: 17.788000 ms)

Unloading 0 Unused Serialized files (Serialized files now loaded: 0)

Unloading 0 unused Assets to reduce memory usage. Loaded Objects now: 18047.
Total: 30.468000 ms (FindLiveObjects: 1.247000 ms CreateObjectMapping: 0.273000 ms MarkObjects: 28.922001 ms  DeleteObjects: 0.025000 ms)

Unloading 0 Unused Serialized files (Serialized files now loaded: 0)

Unloading 0 unused Assets to reduce memory usage. Loaded Objects now: 18047.
Total: 30.154999 ms (FindLiveObjects: 1.258000 ms CreateObjectMapping: 0.229000 ms MarkObjects: 28.632000 ms  DeleteObjects: 0.036000 ms)

Unloading 0 Unused Serialized files (Serialized files now loaded: 0)

Unloading 0 unused Assets to reduce memory usage. Loaded Objects now: 18047.
Total: 30.997000 ms (FindLiveObjects: 1.359000 ms CreateObjectMapping: 0.301000 ms MarkObjects: 29.302000 ms  DeleteObjects: 0.035000 ms)

requesting resize 1920 x 1080
Using native desktop resolution 1920 x 1080
requesting fullscreen 1920 x 1080 at 60 Hz
Desktop is 1920 x 1080 @ 60 Hz
loading scene, updating vsync count to 2
 
(Filename: /home/builduser/buildslave/unity/build/artifacts/generated/common/runtime/DebugBindings.gen.cpp Line: 51)

requesting resize 1920 x 1080
Using native desktop resolution 1920 x 1080
requesting fullscreen 1920 x 1080 at 60 Hz
Desktop is 1920 x 1080 @ 60 Hz
Unloading 38 Unused Serialized files (Serialized files now loaded: 0)
UnloadTime: 236.578995 ms

Unloading 3680 unused Assets to reduce memory usage. Loaded Objects now: 14659.
Total: 69.232002 ms (FindLiveObjects: 1.416000 ms CreateObjectMapping: 0.533000 ms MarkObjects: 33.445000 ms  DeleteObjects: 33.835999 ms)

Unloading 0 Unused Serialized files (Serialized files now loaded: 0)

Unloading 0 unused Assets to reduce memory usage. Loaded Objects now: 14659.
Total: 29.726000 ms (FindLiveObjects: 1.023000 ms CreateObjectMapping: 0.129000 ms MarkObjects: 28.550999 ms  DeleteObjects: 0.023000 ms)

requesting resize 1920 x 1080
Using native desktop resolution 1920 x 1080
requesting fullscreen 1920 x 1080 at 60 Hz
Desktop is 1920 x 1080 @ 60 Hz
Unloading 0 Unused Serialized files (Serialized files now loaded: 0)

Unloading 878 unused Assets to reduce memory usage. Loaded Objects now: 3334.
Total: 28.900999 ms (FindLiveObjects: 0.420000 ms CreateObjectMapping: 0.191000 ms MarkObjects: 19.564001 ms  DeleteObjects: 8.726000 ms)

Unloading 0 Unused Serialized files (Serialized files now loaded: 0)

Unloading 0 unused Assets to reduce memory usage. Loaded Objects now: 3334.
Total: 18.084002 ms (FindLiveObjects: 0.413000 ms CreateObjectMapping: 0.061000 ms MarkObjects: 17.603001 ms  DeleteObjects: 0.006000 ms)

Unloading 3 Unused Serialized files (Serialized files now loaded: 0)
UnloadTime: 0.420000 ms
loading scene, updating vsync count to 2
 
(Filename: /home/builduser/buildslave/unity/build/artifacts/generated/common/runtime/DebugBindings.gen.cpp Line: 51)

requesting resize 1920 x 1080
Using native desktop resolution 1920 x 1080
requesting fullscreen 1920 x 1080 at 60 Hz
Desktop is 1920 x 1080 @ 60 Hz

Unloading 70 unused Assets to reduce memory usage. Loaded Objects now: 3942.
Total: 16.577000 ms (FindLiveObjects: 0.201000 ms CreateObjectMapping: 0.046000 ms MarkObjects: 3.721000 ms  DeleteObjects: 12.609000 ms)

Unloading 0 Unused Serialized files (Serialized files now loaded: 0)

Unloading 0 unused Assets to reduce memory usage. Loaded Objects now: 3942.
Total: 3.775000 ms (FindLiveObjects: 0.366000 ms CreateObjectMapping: 0.104000 ms MarkObjects: 3.301000 ms  DeleteObjects: 0.003000 ms)

Unloading 3 Unused Serialized files (Serialized files now loaded: 0)
UnloadTime: 0.516000 ms

Unloading 1 unused Assets to reduce memory usage. Loaded Objects now: 3939.
Total: 3.832000 ms (FindLiveObjects: 0.101000 ms CreateObjectMapping: 0.047000 ms MarkObjects: 3.664000 ms  DeleteObjects: 0.020000 ms)

requesting resize 1920 x 1080
Using native desktop resolution 1920 x 1080
requesting fullscreen 1920 x 1080 at 60 Hz
Desktop is 1920 x 1080 @ 60 Hz
Unloading 5 Unused Serialized files (Serialized files now loaded: 0)
UnloadTime: 0.562000 ms
DontDestroyOnLoad only work for root GameObjects or components on root GameObjects.
 
(Filename:  Line: 481)

DontDestroyOnLoad only work for root GameObjects or components on root GameObjects.
 
(Filename:  Line: 481)

DontDestroyOnLoad only work for root GameObjects or components on root GameObjects.
 
(Filename:  Line: 481)

Welcome to Firewatch, version: v1.0.9
 
(Filename: /home/builduser/buildslave/unity/build/artifacts/generated/common/runtime/DebugBindings.gen.cpp Line: 51)


Unloading 46 unused Assets to reduce memory usage. Loaded Objects now: 7097.
Total: 7.477000 ms (FindLiveObjects: 0.344000 ms CreateObjectMapping: 0.086000 ms MarkObjects: 6.914000 ms  DeleteObjects: 0.133000 ms)

Unloading 1 Unused Serialized files (Serialized files now loaded: 0)
requesting resize 1920 x 1080
Using native desktop resolution 1920 x 1080
requesting fullscreen 1920 x 1080 at 0 Hz
Desktop is 1920 x 1080 @ 60 Hz

Unloading 0 unused Assets to reduce memory usage. Loaded Objects now: 7097.
Total: 5.718000 ms (FindLiveObjects: 0.416000 ms CreateObjectMapping: 0.079000 ms MarkObjects: 5.217000 ms  DeleteObjects: 0.005000 ms)

Unloading 0 Unused Serialized files (Serialized files now loaded: 0)

Unloading 0 unused Assets to reduce memory usage. Loaded Objects now: 7097.
Total: 5.457000 ms (FindLiveObjects: 0.335000 ms CreateObjectMapping: 0.079000 ms MarkObjects: 5.037000 ms  DeleteObjects: 0.005000 ms)

loading scene, updating vsync count to 2
 
(Filename: /home/builduser/buildslave/unity/build/artifacts/generated/common/runtime/DebugBindings.gen.cpp Line: 51)

Unloading 11 Unused Serialized files (Serialized files now loaded: 0)
requesting resize 1920 x 1080
Using native desktop resolution 1920 x 1080
requesting fullscreen 1920 x 1080 at 60 Hz
Desktop is 1920 x 1080 @ 60 Hz
UnloadTime: 3.422000 ms

Unloading 460 unused Assets to reduce memory usage. Loaded Objects now: 4973.
Total: 7.943000 ms (FindLiveObjects: 0.324000 ms CreateObjectMapping: 0.151000 ms MarkObjects: 6.045000 ms  DeleteObjects: 1.420000 ms)

requesting resize 1920 x 1080
Using native desktop resolution 1920 x 1080
requesting fullscreen 1920 x 1080 at 60 Hz
Desktop is 1920 x 1080 @ 60 Hz
Unloading 0 Unused Serialized files (Serialized files now loaded: 0)

Unloading 87 unused Assets to reduce memory usage. Loaded Objects now: 3384.
Total: 3.755000 ms (FindLiveObjects: 0.232000 ms CreateObjectMapping: 0.095000 ms MarkObjects: 3.141000 ms  DeleteObjects: 0.286000 ms)

Unloading 0 Unused Serialized files (Serialized files now loaded: 0)

Unloading 0 unused Assets to reduce memory usage. Loaded Objects now: 3384.
Total: 3.104000 ms (FindLiveObjects: 0.185000 ms CreateObjectMapping: 0.082000 ms MarkObjects: 2.834000 ms  DeleteObjects: 0.003000 ms)

Unloading 3 Unused Serialized files (Serialized files now loaded: 0)
UnloadTime: 0.459000 ms
loading scene, updating vsync count to 2
 
(Filename: /home/builduser/buildslave/unity/build/artifacts/generated/common/runtime/DebugBindings.gen.cpp Line: 51)

requesting resize 1920 x 1080
Using native desktop resolution 1920 x 1080
requesting fullscreen 1920 x 1080 at 60 Hz
Desktop is 1920 x 1080 @ 60 Hz

Unloading 5 unused Assets to reduce memory usage. Loaded Objects now: 4063.
Total: 4.076000 ms (FindLiveObjects: 0.223000 ms CreateObjectMapping: 0.047000 ms MarkObjects: 3.778000 ms  DeleteObjects: 0.028000 ms)

Unloading 1 Unused Serialized files (Serialized files now loaded: 0)

Unloading 0 unused Assets to reduce memory usage. Loaded Objects now: 4063.
Total: 4.303000 ms (FindLiveObjects: 0.251000 ms CreateObjectMapping: 0.074000 ms MarkObjects: 3.974000 ms  DeleteObjects: 0.004000 ms)

Unloading 3 Unused Serialized files (Serialized files now loaded: 0)
UnloadTime: 0.344000 ms

Unloading 1 unused Assets to reduce memory usage. Loaded Objects now: 4060.
Total: 4.057000 ms (FindLiveObjects: 0.168000 ms CreateObjectMapping: 0.051000 ms MarkObjects: 3.829000 ms  DeleteObjects: 0.008000 ms)

Unloading 5 Unused Serialized files (Serialized files now loaded: 0)
requesting resize 1920 x 1080
Using native desktop resolution 1920 x 1080
requesting fullscreen 1920 x 1080 at 60 Hz
Desktop is 1920 x 1080 @ 60 Hz
UnloadTime: 0.609000 ms
DontDestroyOnLoad only work for root GameObjects or components on root GameObjects.
 
(Filename:  Line: 481)

DontDestroyOnLoad only work for root GameObjects or components on root GameObjects.
 
(Filename:  Line: 481)

DontDestroyOnLoad only work for root GameObjects or components on root GameObjects.
 
(Filename:  Line: 481)


Unloading 12 unused Assets to reduce memory usage. Loaded Objects now: 7131.
Total: 5.169000 ms (FindLiveObjects: 0.203000 ms CreateObjectMapping: 0.076000 ms MarkObjects: 4.844000 ms  DeleteObjects: 0.046000 ms)

Unloading 1 Unused Serialized files (Serialized files now loaded: 0)
Welcome to Firewatch, version: v1.0.9
 
(Filename: /home/builduser/buildslave/unity/build/artifacts/generated/common/runtime/DebugBindings.gen.cpp Line: 51)


Unloading 33 unused Assets to reduce memory usage. Loaded Objects now: 7218.
Total: 6.142000 ms (FindLiveObjects: 0.357000 ms CreateObjectMapping: 0.081000 ms MarkObjects: 5.581000 ms  DeleteObjects: 0.123000 ms)

Unloading 1 Unused Serialized files (Serialized files now loaded: 0)
requesting resize 1920 x 1080
Using native desktop resolution 1920 x 1080
requesting fullscreen 1920 x 1080 at 0 Hz
Desktop is 1920 x 1080 @ 60 Hz

Unloading 0 unused Assets to reduce memory usage. Loaded Objects now: 7218.
Total: 5.511000 ms (FindLiveObjects: 0.378000 ms CreateObjectMapping: 0.090000 ms MarkObjects: 5.037000 ms  DeleteObjects: 0.006000 ms)

Refresh Localized UI Text, baseString: LOADING
 
(Filename: /home/builduser/buildslave/unity/build/artifacts/generated/common/runtime/DebugBindings.gen.cpp Line: 51)

currentText='LOADING'
 
(Filename: /home/builduser/buildslave/unity/build/artifacts/generated/common/runtime/DebugBindings.gen.cpp Line: 51)

AFTER LOCALIZE --- currentText='LOADING'
 
(Filename: /home/builduser/buildslave/unity/build/artifacts/generated/common/runtime/DebugBindings.gen.cpp Line: 51)

Unloading 0 Unused Serialized files (Serialized files now loaded: 0)
loading scene, updating vsync count to 2
 
(Filename: /home/builduser/buildslave/unity/build/artifacts/generated/common/runtime/DebugBindings.gen.cpp Line: 51)

requesting resize 1920 x 1080
Using native desktop resolution 1920 x 1080
requesting fullscreen 1920 x 1080 at 60 Hz
Desktop is 1920 x 1080 @ 60 Hz

Unloading 290 unused Assets to reduce memory usage. Loaded Objects now: 5617.
Total: 5.130000 ms (FindLiveObjects: 0.295000 ms CreateObjectMapping: 0.075000 ms MarkObjects: 3.898000 ms  DeleteObjects: 0.862000 ms)

Unloading 0 Unused Serialized files (Serialized files now loaded: 0)

Unloading 0 unused Assets to reduce memory usage. Loaded Objects now: 5617.
Total: 3.930000 ms (FindLiveObjects: 0.240000 ms CreateObjectMapping: 0.066000 ms MarkObjects: 3.617000 ms  DeleteObjects: 0.005000 ms)

Unloading 6 Unused Serialized files (Serialized files now loaded: 0)
UnloadTime: 0.943000 ms
DontDestroyOnLoad only work for root GameObjects or components on root GameObjects.
 
(Filename:  Line: 481)

DontDestroyOnLoad only work for root GameObjects or components on root GameObjects.
 
(Filename:  Line: 481)

DontDestroyOnLoad only work for root GameObjects or components on root GameObjects.
 
(Filename:  Line: 481)

DontDestroyOnLoad only work for root GameObjects or components on root GameObjects.
 
(Filename:  Line: 481)

DontDestroyOnLoad only work for root GameObjects or components on root GameObjects.
 
(Filename:  Line: 481)

DontDestroyOnLoad only work for root GameObjects or components on root GameObjects.
 
(Filename:  Line: 481)

DontDestroyOnLoad only work for root GameObjects or components on root GameObjects.
 
(Filename:  Line: 481)

DontDestroyOnLoad only work for root GameObjects or components on root GameObjects.
 
(Filename:  Line: 481)

DontDestroyOnLoad only work for root GameObjects or components on root GameObjects.
 
(Filename:  Line: 481)

DontDestroyOnLoad only work for root GameObjects or components on root GameObjects.
 
(Filename:  Line: 481)

DontDestroyOnLoad only work for root GameObjects or components on root GameObjects.
 
(Filename:  Line: 481)

DontDestroyOnLoad only work for root GameObjects or components on root GameObjects.
 
(Filename:  Line: 481)

DontDestroyOnLoad only work for root GameObjects or components on root GameObjects.
 
(Filename:  Line: 481)

DontDestroyOnLoad only work for root GameObjects or components on root GameObjects.
 
(Filename:  Line: 481)

DontDestroyOnLoad only work for root GameObjects or components on root GameObjects.
 
(Filename:  Line: 481)

DontDestroyOnLoad only work for root GameObjects or components on root GameObjects.
 
(Filename:  Line: 481)

DontDestroyOnLoad only work for root GameObjects or components on root GameObjects.
 
(Filename:  Line: 481)

DontDestroyOnLoad only work for root GameObjects or components on root GameObjects.
 
(Filename:  Line: 481)

DontDestroyOnLoad only work for root GameObjects or components on root GameObjects.
 
(Filename:  Line: 481)


Unloading 158 unused Assets to reduce memory usage. Loaded Objects now: 10556.
Total: 9.694000 ms (FindLiveObjects: 0.398000 ms CreateObjectMapping: 0.125000 ms MarkObjects: 8.839000 ms  DeleteObjects: 0.332000 ms)

Unloading 1 Unused Serialized files (Serialized files now loaded: 0)
loading scene, updating vsync count to 2
 
(Filename: /home/builduser/buildslave/unity/build/artifacts/generated/common/runtime/DebugBindings.gen.cpp Line: 51)

requesting resize 1920 x 1080
Using native desktop resolution 1920 x 1080
requesting fullscreen 1920 x 1080 at 60 Hz
Desktop is 1920 x 1080 @ 60 Hz

Unloading 3 unused Assets to reduce memory usage. Loaded Objects now: 10451.
Total: 9.187000 ms (FindLiveObjects: 0.558000 ms CreateObjectMapping: 0.143000 ms MarkObjects: 8.452000 ms  DeleteObjects: 0.034000 ms)

Unloading 6 Unused Serialized files (Serialized files now loaded: 0)
DontDestroyOnLoad only work for root GameObjects or components on root GameObjects.
 
(Filename:  Line: 481)


Unloading 3 unused Assets to reduce memory usage. Loaded Objects now: 13773.
Total: 12.888000 ms (FindLiveObjects: 0.765000 ms CreateObjectMapping: 0.199000 ms MarkObjects: 11.896999 ms  DeleteObjects: 0.027000 ms)

Unloading 1 Unused Serialized files (Serialized files now loaded: 0)

Unloading 0 unused Assets to reduce memory usage. Loaded Objects now: 13773.
Total: 12.096000 ms (FindLiveObjects: 0.631000 ms CreateObjectMapping: 0.138000 ms MarkObjects: 11.304001 ms  DeleteObjects: 0.022000 ms)

requesting resize 1920 x 1080
Using native desktop resolution 1920 x 1080
requesting fullscreen 1920 x 1080 at 0 Hz
Desktop is 1920 x 1080 @ 60 Hz
requesting resize 1920 x 1080
Using native desktop resolution 1920 x 1080
requesting fullscreen 1920 x 1080 at 60 Hz
Desktop is 1920 x 1080 @ 60 Hz
Unloading 36 Unused Serialized files (Serialized files now loaded: 0)

Unloading 4305 unused Assets to reduce memory usage. Loaded Objects now: 3686.
Total: 28.952002 ms (FindLiveObjects: 0.902000 ms CreateObjectMapping: 0.179000 ms MarkObjects: 9.820999 ms  DeleteObjects: 18.049999 ms)

Unloading 0 Unused Serialized files (Serialized files now loaded: 0)

Unloading 0 unused Assets to reduce memory usage. Loaded Objects now: 3686.
Total: 10.793000 ms (FindLiveObjects: 0.644000 ms CreateObjectMapping: 0.056000 ms MarkObjects: 10.078000 ms  DeleteObjects: 0.014000 ms)

Unloading 0 Unused Serialized files (Serialized files now loaded: 0)

Unloading 0 unused Assets to reduce memory usage. Loaded Objects now: 3686.
Total: 10.245000 ms (FindLiveObjects: 0.643000 ms CreateObjectMapping: 0.058000 ms MarkObjects: 9.528000 ms  DeleteObjects: 0.015000 ms)

Unloading 3 Unused Serialized files (Serialized files now loaded: 0)
UnloadTime: 0.460000 ms
loading scene, updating vsync count to 2
 
(Filename: /home/builduser/buildslave/unity/build/artifacts/generated/common/runtime/DebugBindings.gen.cpp Line: 51)

requesting resize 1920 x 1080
Using native desktop resolution 1920 x 1080
requesting fullscreen 1920 x 1080 at 60 Hz
Desktop is 1920 x 1080 @ 60 Hz

Unloading 84 unused Assets to reduce memory usage. Loaded Objects now: 4222.
Total: 4.776000 ms (FindLiveObjects: 0.260000 ms CreateObjectMapping: 0.069000 ms MarkObjects: 4.132000 ms  DeleteObjects: 0.315000 ms)

Unloading 0 Unused Serialized files (Serialized files now loaded: 0)

Unloading 0 unused Assets to reduce memory usage. Loaded Objects now: 4222.
Total: 4.791000 ms (FindLiveObjects: 0.210000 ms CreateObjectMapping: 0.064000 ms MarkObjects: 4.513000 ms  DeleteObjects: 0.004000 ms)

Unloading 3 Unused Serialized files (Serialized files now loaded: 0)
UnloadTime: 0.339000 ms

Unloading 1 unused Assets to reduce memory usage. Loaded Objects now: 4219.
Total: 4.311000 ms (FindLiveObjects: 0.110000 ms CreateObjectMapping: 0.048000 ms MarkObjects: 4.144000 ms  DeleteObjects: 0.009000 ms)

Unloading 5 Unused Serialized files (Serialized files now loaded: 0)
requesting resize 1920 x 1080
Using native desktop resolution 1920 x 1080
requesting fullscreen 1920 x 1080 at 60 Hz
Desktop is 1920 x 1080 @ 60 Hz
UnloadTime: 0.608000 ms
DontDestroyOnLoad only work for root GameObjects or components on root GameObjects.
 
(Filename:  Line: 481)

DontDestroyOnLoad only work for root GameObjects or components on root GameObjects.
 
(Filename:  Line: 481)

DontDestroyOnLoad only work for root GameObjects or components on root GameObjects.
 
(Filename:  Line: 481)


Unloading 10 unused Assets to reduce memory usage. Loaded Objects now: 7293.
Total: 5.809000 ms (FindLiveObjects: 0.211000 ms CreateObjectMapping: 0.080000 ms MarkObjects: 5.483000 ms  DeleteObjects: 0.035000 ms)

Unloading 1 Unused Serialized files (Serialized files now loaded: 0)
Welcome to Firewatch, version: v1.0.9
 
(Filename: /home/builduser/buildslave/unity/build/artifacts/generated/common/runtime/DebugBindings.gen.cpp Line: 51)


Unloading 33 unused Assets to reduce memory usage. Loaded Objects now: 7380.
Total: 9.476999 ms (FindLiveObjects: 0.358000 ms CreateObjectMapping: 0.084000 ms MarkObjects: 8.878000 ms  DeleteObjects: 0.156000 ms)

Unloading 1 Unused Serialized files (Serialized files now loaded: 0)
requesting resize 1920 x 1080
Using native desktop resolution 1920 x 1080
requesting fullscreen 1920 x 1080 at 0 Hz
Desktop is 1920 x 1080 @ 60 Hz

Unloading 0 unused Assets to reduce memory usage. Loaded Objects now: 7380.
Total: 7.274000 ms (FindLiveObjects: 0.396000 ms CreateObjectMapping: 0.151000 ms MarkObjects: 6.710000 ms  DeleteObjects: 0.017000 ms)

Internal: There are remaining Allocations on the JobTempAlloc. This is a leak, and will impact performance
 
(Filename:  Line: 383)

